<?xml version="1.0" encoding="UTF-8"?>
<!-- Generated by org.testng.reporters.JUnitXMLReporter -->
<testsuite ignored="0" hostname="DESKTOP-GR76LI8" failures="0" tests="2" name="Default test" time="19.253" errors="0" timestamp="2021-08-19T18:05:51 BDT">
  <testcase classname="com.bat.LandTraningSeleniumAutomation.Test.LoginTest" name="LoginPageTitleVerify" time="17.128"/>
  <testcase classname="com.bat.LandTraningSeleniumAutomation.Test.LoginTest" name="logintest" time="2.034"/>
</testsuite> <!-- Default test -->
