<?xml version="1.0" encoding="UTF-8"?>
<!-- Generated by org.testng.reporters.JUnitXMLReporter -->
<testsuite ignored="0" hostname="DESKTOP-GR76LI8" failures="0" tests="2" name="LoginTestModule" time="4.957" errors="0" timestamp="2021-08-21T13:09:20 BDT">
  <testcase classname="com.bat.LandTraningSeleniumAutomation.Test.LoginTest" name="LoginPageTitleVerify" time="3.31"/>
  <testcase classname="com.bat.LandTraningSeleniumAutomation.Test.LoginTest" name="logintest" time="1.559"/>
</testsuite> <!-- LoginTestModule -->
