<?xml version="1.0" encoding="UTF-8"?>
<!-- Generated by org.testng.reporters.JUnitXMLReporter -->
<testsuite ignored="0" hostname="DESKTOP-GR76LI8" failures="0" tests="2" name="UserRegistrationModule" time="57.209" errors="0" timestamp="2021-08-21T13:10:17 BDT">
  <testcase classname="com.bat.LandTraningSeleniumAutomation.Test.UserRegistrationTest" name="dashboardToRegistrationPage" time="6.625"/>
  <testcase classname="com.bat.LandTraningSeleniumAutomation.Test.UserRegistrationTest" name="newUserRegistration" time="49.353"/>
</testsuite> <!-- UserRegistrationModule -->
